<?xml version="1.0" encoding="UTF-8"?>
<testsuite name="com.csc.ZipperTest" tests="1" skipped="0" failures="0" errors="0" timestamp="2024-10-14T11:54:14" hostname="CHRIS-LAPTOP" time="0.01">
  <properties/>
  <testcase name="test4()" classname="com.csc.ZipperTest" time="0.01"/>
  <system-out><![CDATA[]]></system-out>
  <system-err><![CDATA[]]></system-err>
</testsuite>
